<?xml version="1.0" encoding="UTF-8"?>
<!-- Generated by org.testng.reporters.JUnitXMLReporter -->
<testsuite hostname="LAPTOP-M2DO8JV9" ignored="0" name="Default test" tests="7" failures="0" timestamp="31 May 2021 17:22:18 GMT" time="10.549" errors="0">
  <testcase name="feature" time="4.52" classname="com.Rankpedia.CucumberOptions.TestRunner"/>
  <testcase name="feature" time="2.36" classname="com.Rankpedia.CucumberOptions.TestRunner"/>
  <testcase name="feature" time="0.515" classname="com.Rankpedia.CucumberOptions.TestRunner"/>
  <testcase name="feature" time="0.655" classname="com.Rankpedia.CucumberOptions.TestRunner"/>
  <testcase name="feature" time="0.53" classname="com.Rankpedia.CucumberOptions.TestRunner"/>
  <testcase name="feature" time="0.589" classname="com.Rankpedia.CucumberOptions.TestRunner"/>
  <testcase name="feature" time="0.726" classname="com.Rankpedia.CucumberOptions.TestRunner"/>
</testsuite> <!-- Default test -->
