<?xml version="1.0" encoding="UTF-8"?>
<!-- Generated by org.testng.reporters.JUnitXMLReporter -->
<testsuite hostname="LAPTOP-M2DO8JV9" ignored="0" name="Test" tests="7" failures="0" timestamp="31 May 2021 17:24:38 GMT" time="12.16" errors="0">
  <testcase name="feature" time="6.267" classname="com.Rankpedia.CucumberOptions.TestRunner"/>
  <testcase name="feature" time="2.68" classname="com.Rankpedia.CucumberOptions.TestRunner"/>
  <testcase name="feature" time="0.533" classname="com.Rankpedia.CucumberOptions.TestRunner"/>
  <testcase name="feature" time="0.553" classname="com.Rankpedia.CucumberOptions.TestRunner"/>
  <testcase name="feature" time="0.586" classname="com.Rankpedia.CucumberOptions.TestRunner"/>
  <testcase name="feature" time="0.551" classname="com.Rankpedia.CucumberOptions.TestRunner"/>
  <testcase name="feature" time="0.506" classname="com.Rankpedia.CucumberOptions.TestRunner"/>
</testsuite> <!-- Test -->
