<?xml version="1.0" encoding="UTF-8"?>
<!-- Generated by org.testng.reporters.JUnitXMLReporter -->
<testsuite hostname="LAPTOP-M2DO8JV9" ignored="0" name="Test" tests="7" failures="0" timestamp="01 Jun 2021 14:20:16 GMT" time="13.033" errors="0">
  <testcase name="feature" time="7.138" classname="com.Rankpedia.CucumberOptions.TestRunner"/>
  <testcase name="feature" time="2.664" classname="com.Rankpedia.CucumberOptions.TestRunner"/>
  <testcase name="feature" time="0.454" classname="com.Rankpedia.CucumberOptions.TestRunner"/>
  <testcase name="feature" time="0.538" classname="com.Rankpedia.CucumberOptions.TestRunner"/>
  <testcase name="feature" time="0.61" classname="com.Rankpedia.CucumberOptions.TestRunner"/>
  <testcase name="feature" time="0.634" classname="com.Rankpedia.CucumberOptions.TestRunner"/>
  <testcase name="feature" time="0.537" classname="com.Rankpedia.CucumberOptions.TestRunner"/>
</testsuite> <!-- Test -->
