<?xml version="1.0" encoding="UTF-8"?>
<testng-results skipped="0" failed="0" ignored="0" total="7" passed="7">
  <reporter-output>
  </reporter-output>
  <suite name="Suite" duration-ms="13033" started-at="2021-06-01T14:20:03Z" finished-at="2021-06-01T14:20:16Z">
    <groups>
      <group name="cucumber">
        <method signature="TestRunner.feature(cucumber.api.testng.CucumberFeatureWrapper)[pri:0, instance:com.Rankpedia.CucumberOptions.TestRunner@6a472554]" name="feature" class="com.Rankpedia.CucumberOptions.TestRunner"/>
      </group> <!-- cucumber -->
    </groups>
    <test name="Test" duration-ms="13033" started-at="2021-06-01T14:20:03Z" finished-at="2021-06-01T14:20:16Z">
      <class name="com.Rankpedia.CucumberOptions.TestRunner">
        <test-method status="PASS" signature="setupclass()[pri:0, instance:com.Rankpedia.CucumberOptions.TestRunner@6a472554]" name="setupclass" is-config="true" duration-ms="266" started-at="2021-06-01T14:20:03Z" finished-at="2021-06-01T14:20:03Z">
          <reporter-output>
          </reporter-output>
        </test-method> <!-- setupclass -->
        <test-method status="PASS" signature="feature(cucumber.api.testng.CucumberFeatureWrapper)[pri:0, instance:com.Rankpedia.CucumberOptions.TestRunner@6a472554]" name="feature" duration-ms="7138" started-at="2021-06-01T14:20:03Z" description="Run cucumber features" data-provider="features" finished-at="2021-06-01T14:20:10Z">
          <params>
            <param index="0">
              <value>
                <![CDATA[Validating add board API]]>
              </value>
            </param>
          </params>
          <reporter-output>
          </reporter-output>
        </test-method> <!-- feature -->
        <test-method status="PASS" signature="feature(cucumber.api.testng.CucumberFeatureWrapper)[pri:0, instance:com.Rankpedia.CucumberOptions.TestRunner@6a472554]" name="feature" duration-ms="2664" started-at="2021-06-01T14:20:10Z" description="Run cucumber features" data-provider="features" finished-at="2021-06-01T14:20:13Z">
          <params>
            <param index="0">
              <value>
                <![CDATA[Validating add class API]]>
              </value>
            </param>
          </params>
          <reporter-output>
          </reporter-output>
        </test-method> <!-- feature -->
        <test-method status="PASS" signature="feature(cucumber.api.testng.CucumberFeatureWrapper)[pri:0, instance:com.Rankpedia.CucumberOptions.TestRunner@6a472554]" name="feature" duration-ms="454" started-at="2021-06-01T14:20:13Z" description="Run cucumber features" data-provider="features" finished-at="2021-06-01T14:20:14Z">
          <params>
            <param index="0">
              <value>
                <![CDATA[Validating add student API]]>
              </value>
            </param>
          </params>
          <reporter-output>
          </reporter-output>
        </test-method> <!-- feature -->
        <test-method status="PASS" signature="feature(cucumber.api.testng.CucumberFeatureWrapper)[pri:0, instance:com.Rankpedia.CucumberOptions.TestRunner@6a472554]" name="feature" duration-ms="538" started-at="2021-06-01T14:20:14Z" description="Run cucumber features" data-provider="features" finished-at="2021-06-01T14:20:14Z">
          <params>
            <param index="0">
              <value>
                <![CDATA[Admin login functionality]]>
              </value>
            </param>
          </params>
          <reporter-output>
          </reporter-output>
        </test-method> <!-- feature -->
        <test-method status="PASS" signature="feature(cucumber.api.testng.CucumberFeatureWrapper)[pri:0, instance:com.Rankpedia.CucumberOptions.TestRunner@6a472554]" name="feature" duration-ms="610" started-at="2021-06-01T14:20:14Z" description="Run cucumber features" data-provider="features" finished-at="2021-06-01T14:20:15Z">
          <params>
            <param index="0">
              <value>
                <![CDATA[Search student functionality]]>
              </value>
            </param>
          </params>
          <reporter-output>
          </reporter-output>
        </test-method> <!-- feature -->
        <test-method status="PASS" signature="feature(cucumber.api.testng.CucumberFeatureWrapper)[pri:0, instance:com.Rankpedia.CucumberOptions.TestRunner@6a472554]" name="feature" duration-ms="634" started-at="2021-06-01T14:20:15Z" description="Run cucumber features" data-provider="features" finished-at="2021-06-01T14:20:15Z">
          <params>
            <param index="0">
              <value>
                <![CDATA[Student login functionality]]>
              </value>
            </param>
          </params>
          <reporter-output>
          </reporter-output>
        </test-method> <!-- feature -->
        <test-method status="PASS" signature="feature(cucumber.api.testng.CucumberFeatureWrapper)[pri:0, instance:com.Rankpedia.CucumberOptions.TestRunner@6a472554]" name="feature" duration-ms="537" started-at="2021-06-01T14:20:15Z" description="Run cucumber features" data-provider="features" finished-at="2021-06-01T14:20:16Z">
          <params>
            <param index="0">
              <value>
                <![CDATA[Student verify OTP functionality]]>
              </value>
            </param>
          </params>
          <reporter-output>
          </reporter-output>
        </test-method> <!-- feature -->
        <test-method status="PASS" signature="teatdownclass()[pri:0, instance:com.Rankpedia.CucumberOptions.TestRunner@6a472554]" name="teatdownclass" is-config="true" duration-ms="42" started-at="2021-06-01T14:20:16Z" finished-at="2021-06-01T14:20:16Z">
          <reporter-output>
          </reporter-output>
        </test-method> <!-- teatdownclass -->
      </class> <!-- com.Rankpedia.CucumberOptions.TestRunner -->
    </test> <!-- Test -->
  </suite> <!-- Suite -->
</testng-results>
