<?xml version="1.0" encoding="UTF-8"?>
<testng-results skipped="0" failed="0" ignored="0" total="2" passed="2">
  <reporter-output>
  </reporter-output>
  <suite name="Default suite" duration-ms="7931" started-at="2021-06-04T08:58:36Z" finished-at="2021-06-04T08:58:44Z">
    <groups>
      <group name="cucumber">
        <method signature="TestRunner.feature(cucumber.api.testng.CucumberFeatureWrapper)[pri:0, instance:com.Rankpedia.CucumberOptions.TestRunner@7fc229ab]" name="feature" class="com.Rankpedia.CucumberOptions.TestRunner"/>
      </group> <!-- cucumber -->
    </groups>
    <test name="Default test" duration-ms="7931" started-at="2021-06-04T08:58:36Z" finished-at="2021-06-04T08:58:44Z">
      <class name="com.Rankpedia.CucumberOptions.TestRunner">
        <test-method status="PASS" signature="setupclass()[pri:0, instance:com.Rankpedia.CucumberOptions.TestRunner@7fc229ab]" name="setupclass" is-config="true" duration-ms="521" started-at="2021-06-04T08:58:36Z" finished-at="2021-06-04T08:58:37Z">
          <reporter-output>
          </reporter-output>
        </test-method> <!-- setupclass -->
        <test-method status="PASS" signature="feature(cucumber.api.testng.CucumberFeatureWrapper)[pri:0, instance:com.Rankpedia.CucumberOptions.TestRunner@7fc229ab]" name="feature" duration-ms="5685" started-at="2021-06-04T08:58:37Z" description="Run cucumber features" data-provider="features" finished-at="2021-06-04T08:58:42Z">
          <params>
            <param index="0">
              <value>
                <![CDATA[Student login functionality]]>
              </value>
            </param>
          </params>
          <reporter-output>
          </reporter-output>
        </test-method> <!-- feature -->
        <test-method status="PASS" signature="feature(cucumber.api.testng.CucumberFeatureWrapper)[pri:0, instance:com.Rankpedia.CucumberOptions.TestRunner@7fc229ab]" name="feature" duration-ms="1556" started-at="2021-06-04T08:58:42Z" description="Run cucumber features" data-provider="features" finished-at="2021-06-04T08:58:44Z">
          <params>
            <param index="0">
              <value>
                <![CDATA[Student verify OTP functionality]]>
              </value>
            </param>
          </params>
          <reporter-output>
          </reporter-output>
        </test-method> <!-- feature -->
        <test-method status="PASS" signature="teatdownclass()[pri:0, instance:com.Rankpedia.CucumberOptions.TestRunner@7fc229ab]" name="teatdownclass" is-config="true" duration-ms="10" started-at="2021-06-04T08:58:44Z" finished-at="2021-06-04T08:58:44Z">
          <reporter-output>
          </reporter-output>
        </test-method> <!-- teatdownclass -->
      </class> <!-- com.Rankpedia.CucumberOptions.TestRunner -->
    </test> <!-- Default test -->
  </suite> <!-- Default suite -->
</testng-results>
