<?xml version="1.0" encoding="UTF-8"?>
<testng-results skipped="0" failed="0" ignored="0" total="7" passed="7">
  <reporter-output>
  </reporter-output>
  <suite name="Default suite" duration-ms="10549" started-at="2021-05-31T17:22:07Z" finished-at="2021-05-31T17:22:18Z">
    <groups>
      <group name="cucumber">
        <method signature="TestRunner.feature(cucumber.api.testng.CucumberFeatureWrapper)[pri:0, instance:com.Rankpedia.CucumberOptions.TestRunner@7fc229ab]" name="feature" class="com.Rankpedia.CucumberOptions.TestRunner"/>
      </group> <!-- cucumber -->
    </groups>
    <test name="Default test" duration-ms="10549" started-at="2021-05-31T17:22:07Z" finished-at="2021-05-31T17:22:18Z">
      <class name="com.Rankpedia.CucumberOptions.TestRunner">
        <test-method status="PASS" signature="setupclass()[pri:0, instance:com.Rankpedia.CucumberOptions.TestRunner@7fc229ab]" name="setupclass" is-config="true" duration-ms="429" started-at="2021-05-31T17:22:07Z" finished-at="2021-05-31T17:22:07Z">
          <reporter-output>
          </reporter-output>
        </test-method> <!-- setupclass -->
        <test-method status="PASS" signature="feature(cucumber.api.testng.CucumberFeatureWrapper)[pri:0, instance:com.Rankpedia.CucumberOptions.TestRunner@7fc229ab]" name="feature" duration-ms="4520" started-at="2021-05-31T17:22:08Z" description="Run cucumber features" data-provider="features" finished-at="2021-05-31T17:22:12Z">
          <params>
            <param index="0">
              <value>
                <![CDATA[Validating add board API]]>
              </value>
            </param>
          </params>
          <reporter-output>
          </reporter-output>
        </test-method> <!-- feature -->
        <test-method status="PASS" signature="feature(cucumber.api.testng.CucumberFeatureWrapper)[pri:0, instance:com.Rankpedia.CucumberOptions.TestRunner@7fc229ab]" name="feature" duration-ms="2360" started-at="2021-05-31T17:22:12Z" description="Run cucumber features" data-provider="features" finished-at="2021-05-31T17:22:15Z">
          <params>
            <param index="0">
              <value>
                <![CDATA[Validating add class API]]>
              </value>
            </param>
          </params>
          <reporter-output>
          </reporter-output>
        </test-method> <!-- feature -->
        <test-method status="PASS" signature="feature(cucumber.api.testng.CucumberFeatureWrapper)[pri:0, instance:com.Rankpedia.CucumberOptions.TestRunner@7fc229ab]" name="feature" duration-ms="515" started-at="2021-05-31T17:22:15Z" description="Run cucumber features" data-provider="features" finished-at="2021-05-31T17:22:15Z">
          <params>
            <param index="0">
              <value>
                <![CDATA[Validating add student API]]>
              </value>
            </param>
          </params>
          <reporter-output>
          </reporter-output>
        </test-method> <!-- feature -->
        <test-method status="PASS" signature="feature(cucumber.api.testng.CucumberFeatureWrapper)[pri:0, instance:com.Rankpedia.CucumberOptions.TestRunner@7fc229ab]" name="feature" duration-ms="655" started-at="2021-05-31T17:22:15Z" description="Run cucumber features" data-provider="features" finished-at="2021-05-31T17:22:16Z">
          <params>
            <param index="0">
              <value>
                <![CDATA[Admin login functionality]]>
              </value>
            </param>
          </params>
          <reporter-output>
          </reporter-output>
        </test-method> <!-- feature -->
        <test-method status="PASS" signature="feature(cucumber.api.testng.CucumberFeatureWrapper)[pri:0, instance:com.Rankpedia.CucumberOptions.TestRunner@7fc229ab]" name="feature" duration-ms="530" started-at="2021-05-31T17:22:16Z" description="Run cucumber features" data-provider="features" finished-at="2021-05-31T17:22:16Z">
          <params>
            <param index="0">
              <value>
                <![CDATA[Search student functionality]]>
              </value>
            </param>
          </params>
          <reporter-output>
          </reporter-output>
        </test-method> <!-- feature -->
        <test-method status="PASS" signature="feature(cucumber.api.testng.CucumberFeatureWrapper)[pri:0, instance:com.Rankpedia.CucumberOptions.TestRunner@7fc229ab]" name="feature" duration-ms="589" started-at="2021-05-31T17:22:16Z" description="Run cucumber features" data-provider="features" finished-at="2021-05-31T17:22:17Z">
          <params>
            <param index="0">
              <value>
                <![CDATA[Student login functionality]]>
              </value>
            </param>
          </params>
          <reporter-output>
          </reporter-output>
        </test-method> <!-- feature -->
        <test-method status="PASS" signature="feature(cucumber.api.testng.CucumberFeatureWrapper)[pri:0, instance:com.Rankpedia.CucumberOptions.TestRunner@7fc229ab]" name="feature" duration-ms="726" started-at="2021-05-31T17:22:17Z" description="Run cucumber features" data-provider="features" finished-at="2021-05-31T17:22:18Z">
          <params>
            <param index="0">
              <value>
                <![CDATA[Student verify OTP functionality]]>
              </value>
            </param>
          </params>
          <reporter-output>
          </reporter-output>
        </test-method> <!-- feature -->
        <test-method status="PASS" signature="teatdownclass()[pri:0, instance:com.Rankpedia.CucumberOptions.TestRunner@7fc229ab]" name="teatdownclass" is-config="true" duration-ms="32" started-at="2021-05-31T17:22:18Z" finished-at="2021-05-31T17:22:18Z">
          <reporter-output>
          </reporter-output>
        </test-method> <!-- teatdownclass -->
      </class> <!-- com.Rankpedia.CucumberOptions.TestRunner -->
    </test> <!-- Default test -->
  </suite> <!-- Default suite -->
</testng-results>
